{
  "RSpec": {
    "coverage": {
      "/home/slinkyplasmoid/Projects/earthroots/app/controllers/application_controller.rb": [
        1,
        1,
        null
      ],
      "/home/slinkyplasmoid/Projects/earthroots/app/helpers/application_helper.rb": [
        1,
        null,
        1,
        0,
        0,
        0,
        null,
        0,
        null,
        null,
        null,
        1,
        0,
        null,
        null,
        1,
        0,
        0,
        0,
        null,
        0,
        null,
        null,
        null
      ],
      "/home/slinkyplasmoid/Projects/earthroots/app/helpers/blogs_helper.rb": [
        1,
        null
      ],
      "/home/slinkyplasmoid/Projects/earthroots/app/helpers/error_messages_helper.rb": [
        1,
        null,
        1,
        12,
        12,
        12,
        24,
        12,
        0,
        0,
        0,
        null,
        null,
        null,
        null,
        1,
        1,
        12,
        null,
        null,
        null,
        null,
        1
      ],
      "/home/slinkyplasmoid/Projects/earthroots/app/helpers/layout_helper.rb": [
        null,
        null,
        null,
        null,
        1,
        1,
        40,
        20,
        null,
        null,
        1,
        23,
        null,
        null,
        1,
        0,
        null,
        null,
        1,
        0,
        null,
        null
      ],
      "/home/slinkyplasmoid/Projects/earthroots/app/helpers/links_helper.rb": [
        1,
        null
      ],
      "/home/slinkyplasmoid/Projects/earthroots/app/helpers/sessions_helper.rb": [
        1,
        null,
        1,
        2,
        2,
        null,
        null,
        null,
        null,
        null,
        null,
        null,
        null,
        null,
        null,
        1,
        0,
        0,
        null,
        null,
        1,
        0,
        null,
        null,
        1,
        2,
        null,
        null,
        1,
        0,
        null,
        null,
        1,
        0,
        null,
        null,
        1,
        0,
        0,
        0,
        null,
        null,
        null,
        1,
        0,
        null,
        null,
        1,
        0,
        0,
        null,
        null,
        1,
        0,
        null,
        null
      ],
      "/home/slinkyplasmoid/Projects/earthroots/app/helpers/static_pages_helper.rb": [
        1,
        null
      ],
      "/home/slinkyplasmoid/Projects/earthroots/app/helpers/users_helper.rb": [
        1,
        null
      ],
      "/home/slinkyplasmoid/Projects/earthroots/app/controllers/blogs_controller.rb": [
        1,
        1,
        3,
        null,
        null,
        1,
        1,
        null,
        null,
        1,
        1,
        null,
        null,
        1,
        3,
        3,
        2,
        null,
        1,
        null,
        null,
        null,
        1,
        1,
        null,
        null,
        1,
        2,
        2,
        1,
        null,
        1,
        null,
        null,
        null,
        1,
        1,
        1,
        1,
        null,
        null
      ],
      "/home/slinkyplasmoid/Projects/earthroots/app/models/blog.rb": [
        1,
        1,
        null
      ],
      "/home/slinkyplasmoid/Projects/earthroots/app/controllers/links_controller.rb": [
        1,
        1,
        1,
        null,
        null,
        1,
        1,
        null,
        null,
        1,
        1,
        null,
        null,
        1,
        2,
        2,
        1,
        null,
        1,
        null,
        null,
        null,
        1,
        1,
        null,
        null,
        1,
        2,
        2,
        1,
        null,
        1,
        null,
        null,
        null,
        1,
        1,
        1,
        1,
        null,
        null
      ],
      "/home/slinkyplasmoid/Projects/earthroots/app/models/link.rb": [
        1,
        1,
        null
      ],
      "/home/slinkyplasmoid/Projects/earthroots/app/controllers/sessions_controller.rb": [
        1,
        null,
        1,
        null,
        null,
        1,
        0,
        0,
        0,
        0,
        null,
        0,
        0,
        null,
        null,
        null,
        1,
        0,
        0,
        null,
        null,
        null
      ],
      "/home/slinkyplasmoid/Projects/earthroots/app/controllers/static_pages_controller.rb": [
        1,
        1,
        null,
        null,
        1,
        null,
        null,
        1,
        null,
        null
      ],
      "/home/slinkyplasmoid/Projects/earthroots/app/controllers/users_controller.rb": [
        1,
        1,
        null,
        1,
        1,
        null,
        1,
        1,
        null,
        null,
        1,
        1,
        null,
        null,
        1,
        1,
        null,
        null,
        1,
        2,
        2,
        1,
        1,
        1,
        null,
        1,
        null,
        null,
        null,
        1,
        1,
        null,
        null,
        1,
        2,
        2,
        1,
        1,
        1,
        null,
        1,
        null,
        null,
        null,
        1,
        2,
        1,
        1,
        1,
        null,
        0,
        0,
        null,
        null,
        1,
        1,
        null,
        null,
        1,
        null,
        1,
        5,
        5,
        null,
        null,
        1,
        5,
        null,
        null
      ],
      "/home/slinkyplasmoid/Projects/earthroots/app/models/user.rb": [
        null,
        null,
        null,
        null,
        null,
        null,
        null,
        null,
        null,
        null,
        null,
        null,
        null,
        null,
        1,
        1,
        null,
        1,
        null,
        1,
        1,
        null,
        1,
        1,
        1,
        null,
        null,
        1,
        null,
        1,
        null,
        1,
        null,
        1,
        1,
        33,
        null,
        0,
        null,
        null,
        1,
        26,
        null,
        null
      ]
    },
    "timestamp": 1358968218
  },
  "Cucumber Features": {
    "coverage": {
      "/home/slinkyplasmoid/Projects/earthroots/config/environment.rb": [
        null,
        1,
        null,
        null,
        1
      ],
      "/home/slinkyplasmoid/Projects/earthroots/config/application.rb": [
        1,
        null,
        null,
        1,
        1,
        1,
        1,
        1,
        null,
        null,
        1,
        null,
        1,
        null,
        null,
        null,
        null,
        1,
        1,
        null,
        null,
        null,
        null,
        null,
        null,
        null,
        null,
        null,
        null,
        null,
        null,
        null,
        null,
        null,
        null,
        null,
        null,
        null,
        null,
        null,
        null,
        null,
        1,
        null,
        null,
        1,
        null,
        null,
        1,
        null,
        null,
        null,
        null,
        null,
        null,
        null,
        null,
        null,
        null,
        1,
        null,
        null,
        1,
        null,
        null,
        1,
        null,
        null
      ],
      "/home/slinkyplasmoid/Projects/earthroots/config/boot.rb": [
        1,
        null,
        null,
        1,
        null,
        1
      ],
      "/home/slinkyplasmoid/Projects/earthroots/config/environments/test.rb": [
        1,
        null,
        null,
        null,
        null,
        null,
        null,
        1,
        null,
        null,
        1,
        1,
        null,
        null,
        1,
        null,
        null,
        1,
        1,
        null,
        null,
        1,
        null,
        null,
        1,
        null,
        null,
        null,
        null,
        1,
        null,
        null,
        1,
        null,
        null,
        1,
        null
      ],
      "/home/slinkyplasmoid/Projects/earthroots/config/initializers/backtrace_silencers.rb": [
        null,
        null,
        null,
        null,
        null,
        null,
        null
      ],
      "/home/slinkyplasmoid/Projects/earthroots/config/initializers/inflections.rb": [
        null,
        null,
        null,
        null,
        null,
        null,
        null,
        null,
        null,
        null,
        null,
        null,
        null,
        null,
        null
      ],
      "/home/slinkyplasmoid/Projects/earthroots/config/initializers/mime_types.rb": [
        null,
        null,
        null,
        null,
        null
      ],
      "/home/slinkyplasmoid/Projects/earthroots/config/initializers/secret_token.rb": [
        null,
        null,
        null,
        null,
        null,
        null,
        1
      ],
      "/home/slinkyplasmoid/Projects/earthroots/config/initializers/session_store.rb": [
        null,
        null,
        1,
        null,
        null,
        null,
        null,
        null
      ],
      "/home/slinkyplasmoid/Projects/earthroots/config/initializers/wrap_parameters.rb": [
        null,
        null,
        null,
        null,
        null,
        null,
        1,
        1,
        null,
        null,
        null,
        1,
        1,
        null
      ],
      "/home/slinkyplasmoid/Projects/earthroots/app/controllers/application_controller.rb": [
        1,
        1,
        null
      ],
      "/home/slinkyplasmoid/Projects/earthroots/app/helpers/application_helper.rb": [
        1,
        null,
        1,
        0,
        0,
        0,
        null,
        0,
        null,
        null,
        null,
        1,
        0,
        null,
        null,
        1,
        0,
        0,
        0,
        null,
        0,
        null,
        null,
        null
      ],
      "/home/slinkyplasmoid/Projects/earthroots/app/helpers/blogs_helper.rb": [
        1,
        null
      ],
      "/home/slinkyplasmoid/Projects/earthroots/app/helpers/error_messages_helper.rb": [
        1,
        null,
        1,
        0,
        0,
        0,
        0,
        0,
        0,
        0,
        0,
        null,
        null,
        null,
        null,
        1,
        1,
        0,
        null,
        null,
        null,
        null,
        1
      ],
      "/home/slinkyplasmoid/Projects/earthroots/app/helpers/layout_helper.rb": [
        null,
        null,
        null,
        null,
        1,
        1,
        6,
        3,
        null,
        null,
        1,
        3,
        null,
        null,
        1,
        0,
        null,
        null,
        1,
        0,
        null,
        null
      ],
      "/home/slinkyplasmoid/Projects/earthroots/app/helpers/links_helper.rb": [
        1,
        null
      ],
      "/home/slinkyplasmoid/Projects/earthroots/app/helpers/sessions_helper.rb": [
        1,
        null,
        1,
        0,
        0,
        null,
        null,
        null,
        null,
        null,
        null,
        null,
        null,
        null,
        null,
        1,
        0,
        0,
        null,
        null,
        1,
        0,
        null,
        null,
        1,
        0,
        null,
        null,
        1,
        0,
        null,
        null,
        1,
        0,
        null,
        null,
        1,
        0,
        0,
        0,
        null,
        null,
        null,
        1,
        0,
        null,
        null,
        1,
        0,
        0,
        null,
        null,
        1,
        0,
        null,
        null
      ],
      "/home/slinkyplasmoid/Projects/earthroots/app/helpers/static_pages_helper.rb": [
        1,
        null
      ],
      "/home/slinkyplasmoid/Projects/earthroots/app/helpers/users_helper.rb": [
        1,
        null
      ],
      "/home/slinkyplasmoid/Projects/earthroots/app/controllers/blogs_controller.rb": [
        1,
        1,
        3,
        null,
        null,
        1,
        0,
        null,
        null,
        1,
        0,
        null,
        null,
        1,
        0,
        0,
        0,
        null,
        0,
        null,
        null,
        null,
        1,
        0,
        null,
        null,
        1,
        0,
        0,
        0,
        null,
        0,
        null,
        null,
        null,
        1,
        0,
        0,
        0,
        null,
        null
      ],
      "/home/slinkyplasmoid/Projects/earthroots/app/models/blog.rb": [
        1,
        1,
        null
      ],
      "/home/slinkyplasmoid/Projects/earthroots/app/controllers/links_controller.rb": [
        1,
        1,
        0,
        null,
        null,
        1,
        0,
        null,
        null,
        1,
        0,
        null,
        null,
        1,
        0,
        0,
        0,
        null,
        0,
        null,
        null,
        null,
        1,
        0,
        null,
        null,
        1,
        0,
        0,
        0,
        null,
        0,
        null,
        null,
        null,
        1,
        0,
        0,
        0,
        null,
        null
      ],
      "/home/slinkyplasmoid/Projects/earthroots/app/models/link.rb": [
        1,
        1,
        null
      ],
      "/home/slinkyplasmoid/Projects/earthroots/app/controllers/sessions_controller.rb": [
        1,
        null,
        1,
        null,
        null,
        1,
        0,
        0,
        0,
        0,
        null,
        0,
        0,
        null,
        null,
        null,
        1,
        0,
        0,
        null,
        null,
        null
      ],
      "/home/slinkyplasmoid/Projects/earthroots/app/controllers/static_pages_controller.rb": [
        1,
        1,
        null,
        null,
        1,
        null,
        null,
        1,
        null,
        null
      ],
      "/home/slinkyplasmoid/Projects/earthroots/app/controllers/users_controller.rb": [
        1,
        1,
        1,
        1,
        null,
        1,
        0,
        null,
        null,
        1,
        0,
        0,
        null,
        null,
        1,
        0,
        null,
        null,
        1,
        0,
        0,
        0,
        0,
        0,
        null,
        0,
        null,
        null,
        null,
        1,
        null,
        null,
        1,
        0,
        0,
        0,
        0,
        null,
        0,
        null,
        null,
        null,
        1,
        0,
        0,
        0,
        0,
        null,
        0,
        null,
        null,
        null,
        1,
        null,
        1,
        0,
        0,
        null,
        null,
        1,
        0,
        null,
        null
      ],
      "/home/slinkyplasmoid/Projects/earthroots/app/models/user.rb": [
        null,
        null,
        null,
        null,
        null,
        null,
        null,
        null,
        null,
        null,
        null,
        null,
        null,
        null,
        1,
        1,
        null,
        1,
        null,
        1,
        1,
        null,
        1,
        1,
        1,
        null,
        null,
        1,
        null,
        1,
        null,
        1,
        null,
        1,
        1,
        0,
        null,
        null
      ],
      "/home/slinkyplasmoid/Projects/earthroots/spec/factories.rb": [
        1,
        1,
        1,
        1,
        1,
        1,
        1,
        null,
        null
      ],
      "/home/slinkyplasmoid/Projects/earthroots/config/routes.rb": [
        1,
        null,
        1,
        null,
        1,
        1,
        null,
        1,
        1,
        1,
        null,
        null,
        null,
        null,
        null,
        null,
        null,
        null,
        null,
        null,
        null,
        null,
        null,
        null,
        null,
        null,
        null,
        null,
        null,
        null,
        null,
        null,
        null,
        null,
        null,
        null,
        null,
        null,
        null,
        null,
        null,
        null,
        null,
        null,
        null,
        null,
        null,
        null,
        null,
        null,
        null,
        null,
        null,
        null,
        null,
        null,
        null,
        null,
        null,
        null,
        null,
        null,
        null,
        null,
        null,
        null,
        null,
        null
      ],
      "/home/slinkyplasmoid/Projects/earthroots/spec/support/utilities.rb": [
        1,
        1,
        null
      ]
    },
    "timestamp": 1358952746
  }
}
